<?xml version="1.0" encoding="UTF-8"?>
<kutil>
  <object target="_c_1_________:0" type="in" id="_in_1" pos="100 -1000" physical="true" attached="true" />
  <object target="1_3:0" type="in" id="_in_2" pos="200 -1000" physical="true" attached="true" />
  <object type="function" id="_c_1" val="copy" target="1_1_1_1_1:0 1_1_1_2_1_1:0" pos="100 0" />
  <object type="function" id="_c_1_" val="copy" target="_c_1:0 1_1_1_2_2_1_1:0" pos="100 -100" />
  <object type="function" id="_c_1__" val="copy" target="_c_1_:0 1_1_1_2_2_2_1_1:0" pos="100 -200" />
  <object type="function" id="_c_1___" val="copy" target="_c_1__:0 1_1_1_2_2_2_2:0" pos="100 -300" />
  <object type="function" id="_c_1____" val="copy" target="_c_1___:0 1_1_2_1_1_1_1_1:0" pos="100 -400" />
  <object type="function" id="_c_1_____" val="copy" target="_c_1____:0 1_1_2_1_1_1_1_2:0" pos="100 -500" />
  <object type="function" id="_c_1______" val="copy" target="_c_1_____:0 1_1_2_1_1_1_1_3:0" pos="100 -600" />
  <object type="function" id="_c_1_______" val="copy" target="_c_1______:0 1_1_2_1_1_1_2:0" pos="100 -700" />
  <object type="function" id="_c_1________" val="copy" target="_c_1_______:0 1_1_2_1_2:0" pos="100 -800" />
  <object type="function" id="_c_1_________" val="copy" target="_c_1________:0 1_2:0" pos="100 -900" />
  <object type="function" id="1" val="foldr" target="_out_:0" pos="100 800" />
  <object type="function" id="1_1" val="s2" target="1:0" pos="100 700" />
  <object type="function" id="1_1_1" val="s2" target="1_1:0" pos="100 600" />
  <object type="function" id="1_1_1_1" val="k1" target="1_1_1:0" pos="100 500" />
  <object type="function" id="1_1_1_1_1" val="const s2" target="1_1_1_1:0" pos="100 400" />
  <object type="function" id="1_1_1_2" val="s2" target="1_1_1:1" pos="200 500" />
  <object type="function" id="1_1_1_2_1" val="k1" target="1_1_1_2:0" pos="200 400" />
  <object type="function" id="1_1_1_2_1_1" val="const const" target="1_1_1_2_1:0" pos="100 300" />
  <object type="function" id="1_1_1_2_2" val="s2" target="1_1_1_2:1" pos="300 400" />
  <object type="function" id="1_1_1_2_2_1" val="k1" target="1_1_1_2_2:0" pos="200 300" />
  <object type="function" id="1_1_1_2_2_1_1" val="const :" target="1_1_1_2_2_1:0" pos="100 200" />
  <object type="function" id="1_1_1_2_2_2" val="s2" target="1_1_1_2_2:1" pos="300 300" />
  <object type="function" id="1_1_1_2_2_2_1" val="k1" target="1_1_1_2_2_2:0" pos="200 200" />
  <object type="function" id="1_1_1_2_2_2_1_1" val="id" target="1_1_1_2_2_2_1:0" pos="100 100" />
  <object type="function" id="1_1_1_2_2_2_2" val="const id" target="1_1_1_2_2_2:1" pos="300 200" />
  <object type="function" id="1_1_2" val="k1" target="1_1:1" pos="200 600" />
  <object type="function" id="1_1_2_1" val="s2" target="1_1_2:0" pos="300 500" />
  <object type="function" id="1_1_2_1_1" val="k1" target="1_1_2_1:0" pos="100 400" />
  <object type="function" id="1_1_2_1_1_1" val="if_" target="1_1_2_1_1:0" pos="100 300" />
  <object type="function" id="1_1_2_1_1_1_1" val="if_" target="1_1_2_1_1_1:0" pos="100 200" />
  <object type="function" id="1_1_2_1_1_1_1_1" val="const [false]" target="1_1_2_1_1_1_1:0" pos="100 100" />
  <object type="function" id="1_1_2_1_1_1_1_2" val="const [true]" target="1_1_2_1_1_1_1:1" pos="200 100" />
  <object type="function" id="1_1_2_1_1_1_1_3" val="const [false]" target="1_1_2_1_1_1_1:2" pos="300 100" />
  <object type="function" id="1_1_2_1_1_1_2" val="const '()" target="1_1_2_1_1_1:1" pos="200 200" />
  <object type="function" id="1_1_2_1_2" val="const id" target="1_1_2_1:1" pos="200 400" />
  <object type="function" id="1_2" val="const '()" target="1:1" pos="200 700" />
  <object type="function" id="1_3" val="id" target="1:2" pos="300 700" />
  <object type="out" id="_out_" pos="100 900" />
  <object type="comment" val="\ x0 x1 -> foldr (s (s (k s) (s (k k) (s (k (:)) (s (k x0) i)))) (k (s (k (if' (if' False True False) [])) i))) [] x1" pos="-33 106" />
</kutil> 

