<?xml version="1.0" encoding="UTF-8"?>
<kutil>
<object type="in" id="_in_2" pos="200 -1000" physical="true" attached="true" target="1_3:0"/>
<object type="function" id="1_3" pos="321 660" target="$636:0" val="id"/>
<object type="function" id="1_2" pos="250 656" target="$637:0" val="const '()"/>
<object type="function" id="1" pos="192 869" target="_out_:0" val="foldr"/>
<object type="out" id="_out_" pos="231 954"/>
<object type="out" id="$636" pos="382 755"/>
<object type="out" id="$637" pos="287 747"/>
<object type="in" id="_in_1" pos="81 -1114" physical="true" attached="true" target="$660:0"/>
<object type="function" id="$660" pos="79 -1041" target="_c_1_________:0" val="const inc"/>
<object type="box" id="$661" pos="215 -1056" physical="true">
    <object type="num" id="$662" pos="100 100" physical="true" val="1"/>
    <object type="num" id="$663" pos="150 100" physical="true" val="2"/>
    <object type="num" id="$664" pos="200 100" physical="true" val="3"/>
    <object type="num" id="$665" pos="250 100" physical="true" val="4"/>
    <object type="num" id="$666" pos="300 100" physical="true" val="5"/>
</object>
<object type="bool" id="$667" pos="95 -1154" physical="true"/>
<object type="function" id="_c_1_________" pos="149 -887" target="_c_1________:0 1_2:0" val="copy"/>
<object type="function" id="_c_1________" pos="92 -830" target="_c_1_______:0 1_1_2_1_2:0" val="copy"/>
<object type="function" id="_c_1_______" pos="23 -741" target="_c_1______:0 1_1_2_1_1_1_2:0" val="copy"/>
<object type="function" id="_c_1______" pos="-109 -645" target="_c_1_____:0 1_1_2_1_1_1_1_3:0" val="copy"/>
<object type="function" id="_c_1_____" pos="-260 -537" target="_c_1____:0 1_1_2_1_1_1_1_2:0" val="copy"/>
<object type="function" id="_c_1____" pos="-384 -438" target="_c_1___:0 1_1_2_1_1_1_1_1:0" val="copy"/>
<object type="function" id="_c_1___" pos="-492 -301" target="_c_1__:0 1_1_1_2_2_2_2:0" val="copy"/>
<object type="function" id="_c_1__" pos="-541 -142" target="_c_1_:0 1_1_1_2_2_2_1_1:0" val="copy"/>
<object type="function" id="_c_1_" pos="-560 -52" target="_c_1:0 1_1_1_2_2_1_1:0" val="copy"/>
<object type="function" id="_c_1" pos="-638 50" target="1_1_1_1_1:0 1_1_1_2_1_1:0" val="copy"/>
<object type="function" id="1_1" pos="-37 811" target="$635:0" val="s2"/>
<object type="out" id="$635" pos="-22 964"/>
<object type="function" id="1_1_1_1" pos="-269 509" target="1_1_1:0" val="k1"/>
<object type="function" id="1_1_1" pos="-188 723" target="1_1:0" val="s2"/>
<object type="function" id="1_1_1_2" pos="-153 631" target="1_1_1:1" val="s2"/>
<object type="function" id="1_1_1_2_1" pos="-170 540" target="1_1_1_2:0" val="k1"/>
<object type="function" id="1_1_2_1_1" pos="102 501" target="1_1_2_1:0" val="k1"/>
<object type="function" id="1_1_1_1_1" pos="-319 361" target="1_1_1_1:0" val="const s2"/>
<object type="function" id="1_1_1_2_2_2" pos="-48 460" target="1_1_1_2_2:1" val="s2"/>
<object type="function" id="1_1_1_2_2" pos="-75 552" target="1_1_1_2:1" val="s2"/>
<object type="function" id="1_1_1_2_2_1" pos="-147 393" target="1_1_1_2_2:0" val="k1"/>
<object type="function" id="1_1_1_2_1_1" pos="-238 307" target="1_1_1_2_1:0" val="const const"/>
<object type="function" id="1_1_1_2_2_1_1" pos="-178 223" target="1_1_1_2_2_1:0" val="const :"/>
<object type="function" id="1_1_1_2_2_2_1" pos="-83 250" target="1_1_1_2_2_2:0" val="k1"/>
<object type="function" id="1_1_1_2_2_2_1_1" pos="-98 126" target="1_1_1_2_2_2_1:0" val="id"/>
<object type="function" id="1_1_2_1_1_1_1_1" pos="-1 62" target="1_1_2_1_1_1_1:0" val="const [false]"/>
<object type="function" id="1_1_1_2_2_2_2" pos="-6 160" target="1_1_1_2_2_2:1" val="const id"/>
<object type="function" id="1_1_2" pos="111 702" target="1_1:1" val="k1"/>
<object type="function" id="1_1_2_1" pos="93 616" target="1_1_2:0" val="s2"/>
<object type="function" id="1_1_2_1_1_1" pos="57 436" target="1_1_2_1_1:0" val="if_"/>
<object type="function" id="1_1_2_1_1_1_1" pos="24 279" target="1_1_2_1_1_1:0" val="if_"/>
<object type="function" id="1_1_2_1_1_1_1_3" pos="116 34" target="1_1_2_1_1_1_1:2" val="const [false]"/>
<object type="function" id="1_1_2_1_2" pos="196 25" target="1_1_2_1:1" val="const id"/>
<object type="function" id="1_1_2_1_1_1_2" pos="144 85" target="1_1_2_1_1_1:1" val="const '()"/>
<object type="function" id="1_1_2_1_1_1_1_2" pos="45 -17" target="1_1_2_1_1_1_1:1" val="const [true]"/>
</kutil>
